[debug] [2024-12-17T01:03:15.267Z] ----------------------------------------------------------------------
[debug] [2024-12-17T01:03:15.269Z] Command:       C:\Program Files\nodejs\node.exe C:\Users\joasp\AppData\Roaming\npm\node_modules\firebase-tools\lib\bin\firebase.js init firestore
[debug] [2024-12-17T01:03:15.270Z] CLI Version:   13.29.1
[debug] [2024-12-17T01:03:15.270Z] Platform:      win32
[debug] [2024-12-17T01:03:15.270Z] Node Version:  v22.11.0
[debug] [2024-12-17T01:03:15.270Z] Time:          Mon Dec 16 2024 22:03:15 GMT-0300 (hora estándar de Brasilia)
[debug] [2024-12-17T01:03:15.270Z] ----------------------------------------------------------------------
[debug] 
[debug] [2024-12-17T01:03:15.273Z] >>> [apiv2][query] GET https://firebase-public.firebaseio.com/cli.json [none]
[debug] [2024-12-17T01:03:15.305Z] > command requires scopes: ["email","openid","https://www.googleapis.com/auth/cloudplatformprojects.readonly","https://www.googleapis.com/auth/firebase","https://www.googleapis.com/auth/cloud-platform"]
[debug] [2024-12-17T01:03:15.306Z] > authorizing via signed-in user (joaspretz@gmail.com)
[info] 
     ######## #### ########  ######## ########     ###     ######  ########
     ##        ##  ##     ## ##       ##     ##  ##   ##  ##       ##
     ######    ##  ########  ######   ########  #########  ######  ######
     ##        ##  ##    ##  ##       ##     ## ##     ##       ## ##
     ##       #### ##     ## ######## ########  ##     ##  ######  ########

You're about to initialize a Firebase project in this directory:

  C:\Users\joasp\proam-angular

[debug] [2024-12-17T01:03:15.777Z] <<< [apiv2][status] GET https://firebase-public.firebaseio.com/cli.json 200
[debug] [2024-12-17T01:03:15.777Z] <<< [apiv2][body] GET https://firebase-public.firebaseio.com/cli.json {"cloudBuildErrorAfter":1594252800000,"cloudBuildWarnAfter":1590019200000,"defaultNode10After":1594252800000,"minVersion":"3.0.5","node8DeploysDisabledAfter":1613390400000,"node8RuntimeDisabledAfter":1615809600000,"node8WarnAfter":1600128000000}
[info] 
=== Project Setup
[info] 
[info] First, let's associate this project directory with a Firebase project.
[info] You can create multiple project aliases by running firebase use --add, 
[info] but for now we'll just set up a default project.
[info] 
